<?xml version="1.0" encoding="UTF-8"?>
<!-- Generated by org.testng.reporters.JUnitReportReporter -->
<testsuite hostname="DESKTOP-Q4R7LVV" failures="0" tests="1" name="com.testing.testcase.Testcase1" time="18.792" errors="0" timestamp="2022-12-28T13:18:12 IST" skipped="0">
  <testcase classname="com.testing.testcase.Testcase1" name="Setup" time="18.792"/>
  <system-out/>
</testsuite> <!-- com.testing.testcase.Testcase1 -->
