<?xml version="1.0" encoding="UTF-8"?>
<!-- Generated by org.testng.reporters.JUnitReportReporter -->
<testsuite hostname="DESKTOP-Q4R7LVV" failures="0" tests="4" name="com.testing.testcase.DataDriven_Reading_Data_DromExcel" time="37.432" errors="0" timestamp="2022-12-29T12:41:46 IST" skipped="3">
  <testcase classname="com.testing.testcase.DataDriven_Reading_Data_DromExcel" name="test" time="0.004">
    <skipped/>
  </testcase> <!-- test -->
  <system-out/>
  <testcase classname="com.testing.testcase.DataDriven_Reading_Data_DromExcel" name="test" time="37.417"/>
  <system-out/>
  <testcase classname="com.testing.testcase.DataDriven_Reading_Data_DromExcel" name="test" time="0.005">
    <skipped/>
  </testcase> <!-- test -->
  <system-out/>
  <testcase classname="com.testing.testcase.DataDriven_Reading_Data_DromExcel" name="test" time="0.006">
    <skipped/>
  </testcase> <!-- test -->
  <system-out/>
</testsuite> <!-- com.testing.testcase.DataDriven_Reading_Data_DromExcel -->
