<?xml version="1.0" encoding="UTF-8"?>
<!-- Generated by org.testng.reporters.JUnitReportReporter -->
<testsuite hostname="DESKTOP-Q4R7LVV" failures="0" tests="1" name="com.testing.testcase.LoginMaqdoom" time="14.827" errors="0" timestamp="2022-12-30T14:28:42 IST" skipped="0">
  <testcase classname="com.testing.testcase.LoginMaqdoom" name="test" time="14.827"/>
  <system-out/>
</testsuite> <!-- com.testing.testcase.LoginMaqdoom -->
