<?xml version="1.0" encoding="UTF-8"?>
<!-- Generated by org.testng.reporters.JUnitReportReporter -->
<testsuite hostname="DESKTOP-Q4R7LVV" failures="0" tests="1" name="pkg1.Webtable" time="8.837" errors="0" timestamp="2022-12-05T15:52:47 IST" skipped="0">
  <testcase classname="pkg1.Webtable" name="table" time="8.837"/>
  <system-out/>
</testsuite> <!-- pkg1.Webtable -->
