<?xml version="1.0" encoding="UTF-8"?>
<!-- Generated by org.testng.reporters.JUnitReportReporter -->
<testsuite hostname="DESKTOP-Q4R7LVV" failures="0" tests="1" name="pkg2.Scrolling_WebPage" time="7.265" errors="0" timestamp="2022-11-15T16:54:11 IST" skipped="0">
  <testcase classname="pkg2.Scrolling_WebPage" name="ScrollTo_GivenCoordinates" time="7.265"/>
  <system-out/>
</testsuite> <!-- pkg2.Scrolling_WebPage -->
