<?xml version="1.0" encoding="UTF-8"?>
<!-- Generated by org.testng.reporters.JUnitReportReporter -->
<testsuite hostname="DESKTOP-Q4R7LVV" failures="0" tests="1" name="pkg1.TrivagoTripActionclass" time="24.566" errors="0" timestamp="2022-11-10T11:30:17 IST" skipped="0">
  <testcase classname="pkg1.TrivagoTripActionclass" name="weblauch" time="24.566"/>
  <system-out/>
</testsuite> <!-- pkg1.TrivagoTripActionclass -->
