<?xml version="1.0" encoding="UTF-8"?>
<!-- Generated by org.testng.reporters.JUnitReportReporter -->
<testsuite hostname="DESKTOP-Q4R7LVV" failures="0" tests="1" name="pkg1.MakeMyTrip" time="14.136" errors="0" timestamp="2022-11-09T16:19:04 IST" skipped="0">
  <testcase classname="pkg1.MakeMyTrip" name="weblauch" time="14.136"/>
  <system-out/>
</testsuite> <!-- pkg1.MakeMyTrip -->
