<?xml version="1.0" encoding="UTF-8"?>
<!-- Generated by org.testng.reporters.JUnitReportReporter -->
<testsuite hostname="DESKTOP-Q4R7LVV" failures="0" tests="1" name="pkg1.IframeHandle" time="11.500" errors="0" timestamp="2022-11-22T11:27:53 IST" skipped="0">
  <testcase classname="pkg1.IframeHandle" name="setup" time="11.500"/>
  <system-out/>
</testsuite> <!-- pkg1.IframeHandle -->
