<?xml version="1.0" encoding="UTF-8"?>
<!-- Generated by org.testng.reporters.JUnitReportReporter -->
<testsuite hostname="DESKTOP-Q4R7LVV" failures="0" tests="3" name="pkg1.DataDrivenDataProvider" time="0.023" errors="0" timestamp="2022-11-21T18:12:18 IST" skipped="0">
  <testcase classname="pkg1.DataDrivenDataProvider" name="testcase" time="0.011"/>
  <system-out/>
  <testcase classname="pkg1.DataDrivenDataProvider" name="testcase" time="0.007"/>
  <system-out/>
  <testcase classname="pkg1.DataDrivenDataProvider" name="testcase" time="0.005"/>
  <system-out/>
</testsuite> <!-- pkg1.DataDrivenDataProvider -->
