<?xml version="1.0" encoding="UTF-8"?>
<!-- Generated by org.testng.reporters.JUnitReportReporter -->
<testsuite hostname="DESKTOP-Q4R7LVV" failures="0" tests="1" name="pkg1.SwitchingUsingEqualTag" time="25.553" errors="0" timestamp="2022-11-16T15:29:53 IST" skipped="0">
  <testcase classname="pkg1.SwitchingUsingEqualTag" name="Switch" time="25.553"/>
  <system-out/>
</testsuite> <!-- pkg1.SwitchingUsingEqualTag -->
