<?xml version="1.0" encoding="UTF-8"?>
<!-- Generated by org.testng.reporters.JUnitReportReporter -->
<testsuite hostname="DESKTOP-Q4R7LVV" failures="0" tests="1" name="pkg1.AutoSuggestionDropdown" time="32.462" errors="0" timestamp="2022-11-17T10:21:25 IST" skipped="0">
  <testcase classname="pkg1.AutoSuggestionDropdown" name="Suggestion" time="32.462"/>
  <system-out/>
</testsuite> <!-- pkg1.AutoSuggestionDropdown -->
