<?xml version="1.0" encoding="UTF-8"?>
<!-- Generated by org.testng.reporters.JUnitReportReporter -->
<testsuite hostname="DESKTOP-Q4R7LVV" failures="0" tests="1" name="pkg1.CalenderHandling" time="32.033" errors="0" timestamp="2022-11-25T11:34:49 IST" skipped="0">
  <testcase classname="pkg1.CalenderHandling" name="test" time="32.033"/>
  <system-out/>
</testsuite> <!-- pkg1.CalenderHandling -->
