<?xml version="1.0" encoding="UTF-8"?>
<!-- Generated by org.testng.reporters.JUnitReportReporter -->
<testsuite hostname="DESKTOP-Q4R7LVV" failures="0" tests="1" name="pkg2.ScrollingToVisibleElement" time="9.940" errors="0" timestamp="2022-11-15T16:42:41 IST" skipped="0">
  <testcase classname="pkg2.ScrollingToVisibleElement" name="scrolldown" time="9.940"/>
  <system-out/>
</testsuite> <!-- pkg2.ScrollingToVisibleElement -->
