<?xml version="1.0" encoding="UTF-8"?>
<!-- Generated by org.testng.reporters.JUnitReportReporter -->
<testsuite hostname="DESKTOP-Q4R7LVV" failures="0" tests="1" name="pkg2.Demo" time="8.927" errors="0" timestamp="2023-01-07T22:12:11 IST" skipped="0">
  <testcase classname="pkg2.Demo" name="demo" time="8.927"/>
  <system-out/>
</testsuite> <!-- pkg2.Demo -->
