<?xml version="1.0" encoding="UTF-8"?>
<!-- Generated by org.testng.reporters.JUnitReportReporter -->
<testsuite hostname="DESKTOP-Q4R7LVV" failures="0" tests="1" name="pkg1.Insta" time="7.560" errors="0" timestamp="2022-12-29T11:21:54 IST" skipped="0">
  <testcase classname="pkg1.Insta" name="open" time="7.560"/>
  <system-out/>
</testsuite> <!-- pkg1.Insta -->
