<?xml version="1.0" encoding="UTF-8"?>
<!-- Generated by org.testng.reporters.JUnitReportReporter -->
<testsuite hostname="DESKTOP-Q4R7LVV" failures="0" tests="1" name="assignment.HashMap_Loop" time="0.016" errors="0" timestamp="2022-12-05T11:38:35 IST" skipped="0">
  <testcase classname="assignment.HashMap_Loop" name="Hash" time="0.016"/>
  <system-out/>
</testsuite> <!-- assignment.HashMap_Loop -->
