<?xml version="1.0" encoding="UTF-8"?>
<!-- Generated by org.testng.reporters.JUnitReportReporter -->
<testsuite hostname="DESKTOP-Q4R7LVV" failures="0" tests="1" name="pkg2.NotificationPOP_UP" time="6.373" errors="0" timestamp="2022-11-18T12:48:17 IST" skipped="0">
  <testcase classname="pkg2.NotificationPOP_UP" name="launch" time="6.373"/>
  <system-out/>
</testsuite> <!-- pkg2.NotificationPOP_UP -->
