<?xml version="1.0" encoding="UTF-8"?>
<!-- Generated by org.testng.reporters.JUnitReportReporter -->
<testsuite hostname="DESKTOP-Q4R7LVV" failures="0" tests="1" name="pkg1.SwitchingWindow" time="8.459" errors="0" timestamp="2022-11-16T11:33:10 IST" skipped="0">
  <testcase classname="pkg1.SwitchingWindow" name="nextTab" time="8.459"/>
  <system-out/>
</testsuite> <!-- pkg1.SwitchingWindow -->
