<?xml version="1.0" encoding="UTF-8"?>
<!-- Generated by org.testng.reporters.JUnitReportReporter -->
<testsuite hostname="DESKTOP-Q4R7LVV" failures="0" tests="1" name="pkg1.CalenderHandling" time="44.838" errors="0" timestamp="2022-12-09T10:54:57 IST" skipped="0">
  <testcase classname="pkg1.CalenderHandling" name="test" time="44.838"/>
  <system-out/>
</testsuite> <!-- pkg1.CalenderHandling -->
