<?xml version="1.0" encoding="UTF-8"?>
<!-- Generated by org.testng.reporters.JUnitReportReporter -->
<testsuite hostname="DESKTOP-Q4R7LVV" failures="0" tests="1" name="assignment.screenshot_Exception" time="4.513" errors="0" timestamp="2022-12-05T11:05:09 IST" skipped="0">
  <testcase classname="assignment.screenshot_Exception" name="exception" time="4.513"/>
  <system-out/>
</testsuite> <!-- assignment.screenshot_Exception -->
