<?xml version="1.0" encoding="UTF-8"?>
<!-- Generated by org.testng.reporters.JUnitReportReporter -->
<testsuite hostname="DESKTOP-Q4R7LVV" failures="0" tests="1" name="pkg2.ScrollToBottomofWebPage" time="4.958" errors="0" timestamp="2022-11-10T11:49:23 IST" skipped="0">
  <testcase classname="pkg2.ScrollToBottomofWebPage" name="ScrollDown" time="4.958"/>
  <system-out/>
</testsuite> <!-- pkg2.ScrollToBottomofWebPage -->
