<?xml version="1.0" encoding="UTF-8"?>
<!-- Generated by org.testng.reporters.JUnitReportReporter -->
<testsuite hostname="DESKTOP-Q4R7LVV" failures="0" tests="1" name="pkg2.IsDisplayed" time="4.416" errors="0" timestamp="2022-11-17T14:52:28 IST" skipped="0">
  <testcase classname="pkg2.IsDisplayed" name="display" time="4.416"/>
  <system-out/>
</testsuite> <!-- pkg2.IsDisplayed -->
