<?xml version="1.0" encoding="UTF-8"?>
<!-- Generated by org.testng.reporters.JUnitReportReporter -->
<testsuite hostname="DESKTOP-Q4R7LVV" failures="0" tests="1" name="pkg1.DataPicker" time="14.389" errors="0" timestamp="2022-11-23T12:55:48 IST" skipped="0">
  <testcase classname="pkg1.DataPicker" name="EMI" time="14.389"/>
  <system-out/>
</testsuite> <!-- pkg1.DataPicker -->
