<?xml version="1.0" encoding="UTF-8"?>
<!-- Generated by org.testng.reporters.JUnitReportReporter -->
<testsuite hostname="DESKTOP-Q4R7LVV" failures="0" tests="1" name="pkg2.ChromeOption" time="5.948" errors="0" timestamp="2022-11-18T12:42:47 IST" skipped="0">
  <testcase classname="pkg2.ChromeOption" name="launch" time="5.948"/>
  <system-out/>
</testsuite> <!-- pkg2.ChromeOption -->
