<?xml version="1.0" encoding="UTF-8"?>
<!-- Generated by org.testng.reporters.JUnitReportReporter -->
<testsuite hostname="DESKTOP-Q4R7LVV" failures="0" tests="3" name="Listeners.TestNGListenerDemo" time="0.015" errors="0" timestamp="2023-01-06T14:39:07 IST" skipped="0">
  <testcase classname="Listeners.TestNGListenerDemo" name="test2" time="0.002"/>
  <system-out/>
  <testcase classname="Listeners.TestNGListenerDemo" name="test1" time="0.011"/>
  <system-out/>
  <testcase classname="Listeners.TestNGListenerDemo" name="test3" time="0.002"/>
  <system-out/>
</testsuite> <!-- Listeners.TestNGListenerDemo -->
