<?xml version="1.0" encoding="UTF-8"?>
<!-- Generated by org.testng.reporters.JUnitReportReporter -->
<testsuite hostname="DESKTOP-Q4R7LVV" failures="0" tests="1" name="pkg2.ScrollingToVisibleElement" time="5.428" errors="0" timestamp="2022-11-10T11:42:52 IST" skipped="0">
  <testcase classname="pkg2.ScrollingToVisibleElement" name="scrolldown" time="5.428"/>
  <system-out/>
</testsuite> <!-- pkg2.ScrollingToVisibleElement -->
