<?xml version="1.0" encoding="UTF-8"?>
<!-- Generated by org.testng.reporters.JUnitReportReporter -->
<testsuite hostname="DESKTOP-Q4R7LVV" failures="0" tests="1" name="pkg1.Scrooling_WebPage" time="5.405" errors="0" timestamp="2022-11-10T11:32:07 IST" skipped="0">
  <testcase classname="pkg1.Scrooling_WebPage" name="ScrollTo_GivenCoordinates" time="5.405"/>
  <system-out/>
</testsuite> <!-- pkg1.Scrooling_WebPage -->
