<?xml version="1.0" encoding="UTF-8"?>
<!-- Generated by org.testng.reporters.JUnitReportReporter -->
<testsuite hostname="DESKTOP-Q4R7LVV" failures="0" tests="1" name="pkg1.ScreenShot" time="5.309" errors="0" timestamp="2022-11-23T12:04:47 IST" skipped="0">
  <testcase classname="pkg1.ScreenShot" name="getscreen" time="5.309"/>
  <system-out/>
</testsuite> <!-- pkg1.ScreenShot -->
