<?xml version="1.0" encoding="UTF-8"?>
<!-- Generated by org.testng.reporters.JUnitReportReporter -->
<testsuite hostname="DESKTOP-Q4R7LVV" failures="0" tests="1" name="pkg1.GmailAllLink" time="5.487" errors="0" timestamp="2023-01-07T18:59:42 IST" skipped="0">
  <testcase classname="pkg1.GmailAllLink" name="getallLINK" time="5.487"/>
  <system-out/>
</testsuite> <!-- pkg1.GmailAllLink -->
