<?xml version="1.0" encoding="UTF-8"?>
<!-- Generated by org.testng.reporters.JUnitReportReporter -->
<testsuite hostname="DESKTOP-Q4R7LVV" failures="0" tests="1" name="pkg1.Youtube" time="6.592" errors="0" timestamp="2022-11-09T13:29:33 IST" skipped="0">
  <testcase classname="pkg1.Youtube" name="launch" time="6.592"/>
  <system-out/>
</testsuite> <!-- pkg1.Youtube -->
