<?xml version="1.0" encoding="UTF-8"?>
<!-- Generated by org.testng.reporters.JUnitReportReporter -->
<testsuite hostname="DESKTOP-Q4R7LVV" failures="0" tests="1" name="pkg1.GmailAllLink" time="199.248" errors="0" timestamp="2022-11-22T11:21:34 IST" skipped="0">
  <testcase classname="pkg1.GmailAllLink" name="getallLINK" time="199.248"/>
  <system-out/>
</testsuite> <!-- pkg1.GmailAllLink -->
