<?xml version="1.0" encoding="UTF-8"?>
<!-- Generated by org.testng.reporters.JUnitReportReporter -->
<testsuite hostname="DESKTOP-Q4R7LVV" failures="0" tests="2" name="com.test.TestCases.TestCases" time="91.801" errors="0" timestamp="2023-01-09T16:45:49 IST" skipped="0">
  <testcase classname="com.test.TestCases.TestCases" name="test_logIn" time="16.811"/>
  <system-out/>
  <testcase classname="com.test.TestCases.TestCases" name="test_logOut" time="74.990"/>
  <system-out/>
</testsuite> <!-- com.test.TestCases.TestCases -->
