<?xml version="1.0" encoding="UTF-8"?>
<!-- Generated by org.testng.reporters.JUnitReportReporter -->
<testsuite hostname="DESKTOP-Q4R7LVV" failures="0" tests="1" name="com.test.TestCases.LoginTest" time="8.965" errors="0" timestamp="2023-01-09T15:30:01 IST" skipped="0">
  <testcase classname="com.test.TestCases.LoginTest" name="test_login" time="8.965"/>
  <system-out/>
</testsuite> <!-- com.test.TestCases.LoginTest -->
