<?xml version="1.0" encoding="UTF-8"?>
<!-- Generated by org.testng.reporters.JUnitReportReporter -->
<testsuite hostname="DESKTOP-Q4R7LVV" failures="0" tests="1" name="com.test.Basebroswer.Base" time="14.238" errors="0" timestamp="2023-01-07T15:10:33 IST" skipped="0">
  <testcase classname="com.test.Basebroswer.Base" name="broswerSetup" time="14.238"/>
  <system-out/>
</testsuite> <!-- com.test.Basebroswer.Base -->
