<?xml version="1.0" encoding="UTF-8"?>
<!-- Generated by org.testng.reporters.JUnitReportReporter -->
<testsuite hostname="DESKTOP-Q4R7LVV" failures="0" tests="1" name="org.testing.TestScript.TC9" time="85.460" errors="0" timestamp="2022-11-21T13:04:04 IST" skipped="0">
  <testcase classname="org.testing.TestScript.TC9" name="Login" time="85.460"/>
  <system-out/>
</testsuite> <!-- org.testing.TestScript.TC9 -->
