<?xml version="1.0" encoding="UTF-8"?>
<!-- Generated by org.testng.reporters.JUnitReportReporter -->
<testsuite hostname="DESKTOP-Q4R7LVV" failures="0" tests="1" name="org.testing.TestScript.TC2" time="32.402" errors="0" timestamp="2022-11-15T15:35:20 IST" skipped="0">
  <testcase classname="org.testing.TestScript.TC2" name="Login" time="32.402"/>
  <system-out/>
</testsuite> <!-- org.testing.TestScript.TC2 -->
