<?xml version="1.0" encoding="UTF-8"?>
<!-- Generated by org.testng.reporters.JUnitReportReporter -->
<testsuite hostname="DESKTOP-Q4R7LVV" failures="0" tests="1" name="org.testing.TestScript.TC7" time="61.410" errors="0" timestamp="2022-11-21T12:22:47 IST" skipped="0">
  <testcase classname="org.testing.TestScript.TC7" name="Login" time="61.410"/>
  <system-out/>
</testsuite> <!-- org.testing.TestScript.TC7 -->
