<?xml version="1.0" encoding="UTF-8"?>
<!-- Generated by org.testng.reporters.JUnitReportReporter -->
<testsuite hostname="DESKTOP-Q4R7LVV" failures="0" tests="1" name="org.testing.TestScript.TC4" time="48.447" errors="0" timestamp="2022-11-21T12:04:37 IST" skipped="0">
  <testcase classname="org.testing.TestScript.TC4" name="Login" time="48.447"/>
  <system-out/>
</testsuite> <!-- org.testing.TestScript.TC4 -->
