<?xml version="1.0" encoding="UTF-8"?>
<!-- Generated by org.testng.reporters.JUnitReportReporter -->
<testsuite hostname="DESKTOP-Q4R7LVV" failures="0" tests="1" name="org.testing.TestScript.login" time="12.735" errors="0" timestamp="2022-11-11T11:12:03 IST" skipped="0">
  <testcase classname="org.testing.TestScript.login" name="login1" time="12.735"/>
  <system-out/>
</testsuite> <!-- org.testing.TestScript.login -->
