<?xml version="1.0" encoding="UTF-8"?>
<!-- Generated by org.testng.reporters.JUnitReportReporter -->
<testsuite hostname="DESKTOP-Q4R7LVV" failures="0" tests="1" name="org.testing.TestScript.TC1" time="45.120" errors="0" timestamp="2022-11-21T15:48:39 IST" skipped="0">
  <testcase classname="org.testing.TestScript.TC1" name="signup" time="45.120"/>
  <system-out/>
</testsuite> <!-- org.testing.TestScript.TC1 -->
