<?xml version="1.0" encoding="UTF-8"?>
<!-- Generated by org.testng.reporters.JUnitReportReporter -->
<testsuite hostname="DESKTOP-Q4R7LVV" failures="0" tests="1" name="org.testing.TestScript.TC10" time="88.340" errors="0" timestamp="2022-11-21T13:10:54 IST" skipped="0">
  <testcase classname="org.testing.TestScript.TC10" name="Login" time="88.340"/>
  <system-out/>
</testsuite> <!-- org.testing.TestScript.TC10 -->
