<?xml version="1.0" encoding="UTF-8"?>
<!-- Generated by org.testng.reporters.JUnitReportReporter -->
<testsuite hostname="DESKTOP-Q4R7LVV" failures="0" tests="1" name="org.testing.TestScript.TC8" time="69.075" errors="0" timestamp="2022-12-06T11:09:38 IST" skipped="0">
  <testcase classname="org.testing.TestScript.TC8" name="Login" time="69.075"/>
  <system-out/>
</testsuite> <!-- org.testing.TestScript.TC8 -->
