<?xml version="1.0" encoding="UTF-8"?>
<!-- Generated by org.testng.reporters.JUnitReportReporter -->
<testsuite hostname="DESKTOP-Q4R7LVV" failures="0" tests="1" name="org.testing.TestScript.TC6" time="31.607" errors="0" timestamp="2022-11-15T16:19:34 IST" skipped="0">
  <testcase classname="org.testing.TestScript.TC6" name="Login" time="31.607"/>
  <system-out/>
</testsuite> <!-- org.testing.TestScript.TC6 -->
