<?xml version="1.0" encoding="UTF-8"?>
<!-- Generated by org.testng.reporters.JUnitReportReporter -->
<testsuite hostname="DESKTOP-O6B251G" failures="0" tests="1" name="org.Testing.testCases.TC1_Getmethod" time="2.015" errors="0" timestamp="2022-11-03T16:25:54 IST" skipped="0">
  <testcase classname="org.Testing.testCases.TC1_Getmethod" name="testcase" time="2.015"/>
  <system-out/>
</testsuite> <!-- org.Testing.testCases.TC1_Getmethod -->
