<?xml version="1.0" encoding="UTF-8"?>
<!-- Generated by org.testng.reporters.JUnitReportReporter -->
<testsuite hostname="DESKTOP-O6B251G" failures="0" tests="1" name="org.Testing.testCases.TC2_OrgJsonGetMethod" time="0.058" errors="0" timestamp="2022-11-03T15:33:14 IST" skipped="0">
  <testcase classname="org.Testing.testCases.TC2_OrgJsonGetMethod" name="testcase" time="0.058"/>
  <system-out/>
</testsuite> <!-- org.Testing.testCases.TC2_OrgJsonGetMethod -->
