<?xml version="1.0" encoding="UTF-8"?>
<!-- Generated by org.testng.reporters.JUnitReportReporter -->
<testsuite hostname="DESKTOP-O6B251G" failures="0" tests="1" name="org.Testing.testCases.TC1_PojoClassPostmethod" time="0.453" errors="0" timestamp="2022-11-03T15:33:14 IST" skipped="0">
  <testcase classname="org.Testing.testCases.TC1_PojoClassPostmethod" name="testcase" time="0.453"/>
  <system-out/>
</testsuite> <!-- org.Testing.testCases.TC1_PojoClassPostmethod -->
